luby@i10se26:~$ cd /scratch/luby/bit1/input_files
export OUT=/scratch/luby/bit1-sst-20-r1
export LD_LIBRARY_PATH=$LD_LIBRARY_PATH:/scratch/luby/sst/local/lib
export ARIEL_DISABLE_MPI_INIT_CHECK=1
mkdir -p $OUT

time sst /scratch/luby/caps-fork/sst-simulation-configurable.py -- \
  -r 4 -t 1 -i 0 -c /scratch/luby/caps-fork/model_configs_example.json \
  -o $OUT /scratch/luby/bit1/source/BIT1 bit_EBC_ivan_20steps.inp
Namespace(nranks=4, tracerank=1, out_dir='/scratch/luby/bit1-sst-20-r1', config_file='/scratch/luby/caps-fork/model_configs_example.json', config_index=0, b
inary='/scratch/luby/bit1/source/BIT1', args=['bit_EBC_ivan_20steps.inp'])

========================================================================================================================
Using cache configuration: l1_no_pf_l2_stride_l3_stride
========================================================================================================================

Done configuring SST model
ArielComponent[arielcpu.cc:37:ArielCPU] Creating Ariel component...
ArielComponent[arielcpu.cc:43:ArielCPU] Configuring for 1 cores...
ArielComponent[arielcpu.cc:46:ArielCPU] Configuring for check addresses = no
ArielComponent[arielcpu.cc:128:ArielCPU] Loading memory manager: ariel.MemoryManagerSimple
ArielComponent[arielcpu.cc:134:ArielCPU] Memory manager construction is completed.
Pin3Frontend[arielfrontendcommon.cc:130:parseCommonSubComponentParams] Ariel-MPI: MPI launcher: build/mpilauncher
Pin3Frontend[arielfrontendcommon.cc:131:parseCommonSubComponentParams] Ariel-MPI: MPI ranks: 4
Pin3Frontend[arielfrontendcommon.cc:132:parseCommonSubComponentParams] Ariel-MPI: MPI trace rank: 1
Pin3Frontend[arielfrontendcommon.cc:137:parseCommonSubComponentParams] Model specifies that there are 1 application arguments
Pin3Frontend[arielfrontendcommon.cc:144:parseCommonSubComponentParams] Found application argument 0 (apparg0) = bit_EBC_ivan_20steps.inp
Pin3Frontend[frontend/pin3/pin3frontend.cc:448:parsePin3Params] Interception and instrumentation of multi-level memory and malloc/free calls is DISABLED.
Pin3Frontend[frontend/pin3/pin3frontend.cc:456:parsePin3Params] Tracking the stack and dumping on malloc calls is DISABLED.
Pin3Frontend[frontend/pin3/pin3frontend.cc:461:parsePin3Params] Malloc map file is DISABLED
Pin3Frontend[frontend/pin3/pin3frontend.cc:57:Pin3Frontend] Completed processing application arguments.
Pin3Frontend[frontend/pin3/pin3frontend.cc:64:Pin3Frontend] Base pipe name: /tmp/sst_shmem_3446479-0-1804289383
Pin3Frontend[frontend/pin3/pin3frontend.cc:288:setForkArguments] Processing mpilauncher arguments...
Pin3Frontend[frontend/pin3/pin3frontend.cc:74:Pin3Frontend] Completed initialization of the Ariel CPU.
ArielComponent[arielcpu.cc:159:ArielCPU] Registering ArielCPU clock at 1.7GHz
ArielComponent[arielcpu.cc:163:ArielCPU] Clocks registered.
ArielComponent[arielcpu.cc:165:ArielCPU] Creating core to cache links...
ArielComponent[arielcpu.cc:167:ArielCPU] Creating processor cores and cache links...
ArielComponent[arielcpu.cc:169:ArielCPU] Configuring cores and cache links...
ArielComponent[arielcpu.cc:209:ArielCPU] Completed initialization of the Ariel RTL Link.
ArielComponent[arielcpu.cc:219:ArielCPU] Completed initialization of the Ariel CPU.
CustomTracer[src/tracercomponent/customTracer.cpp:103:CustomTracer] CustomTracer component constructed.
TracerPortModule[src/portmodule/tracerPortModule.cpp:29:TracerPortModule] Tracer PortModule constructed with dataSrc=1.
TracerPortModule[src/portmodule/tracerPortModule.cpp:53:registerHandlerIntercept] PortModule is attached to port 'highlink' of component 'l1cache_0'.
TracerPortModule[src/portmodule/tracerPortModule.cpp:29:TracerPortModule] Tracer PortModule constructed with dataSrc=2.
TracerPortModule[src/portmodule/tracerPortModule.cpp:53:registerHandlerIntercept] PortModule is attached to port 'highlink' of component 'l2cache_0'.
l2cache_0: No MSHR lookup latency provided (mshr_latency_cycles)...intrapolated to 3 cycles.
TracerPortModule[src/portmodule/tracerPortModule.cpp:29:TracerPortModule] Tracer PortModule constructed with dataSrc=3.
TracerPortModule[src/portmodule/tracerPortModule.cpp:53:registerHandlerIntercept] PortModule is attached to port 'highlink' of component 'l3cache'.
l3cache: No MSHR lookup latency provided (mshr_latency_cycles)...intrapolated to 5 cycles.
TracerPortModule[src/portmodule/tracerPortModule.cpp:29:TracerPortModule] Tracer PortModule constructed with dataSrc=4.
TracerPortModule[src/portmodule/tracerPortModule.cpp:53:registerHandlerIntercept] PortModule is attached to port 'highlink' of component 'memory'.
Pin3Frontend[arielfrontendcommon.cc:65:init] Launching...
Pin3Frontend[frontend/pin3/pin3frontend.cc:120:forkChildProcess] Executing PIN command: build/mpilauncher 4 1 /scratch/luby/pin/pin -follow_execv -ifeelluck
y -t /scratch/luby/sst/local/libexec/fesimple.so -w 0 -E 1 -p /tmp/sst_shmem_3446479-0-1804289383 -v 1 -t 0 -c 1 -s 0 -m 0 -k 0 -d 0 -- /scratch/luby/bit1/s
ource/BIT1 bit_EBC_ivan_20steps.inp
Pin3Frontend[frontend/pin3/pin3frontend.cc:203:forkChildProcess] Launching executable: build/mpilauncher...
MPI Command: mpirun -np 1 /scratch/luby/bit1/source/BIT1 bit_EBC_ivan_20steps.inp  :  -np 1 /scratch/luby/pin/pin -follow_execv -ifeellucky -t /scratch/luby
/sst/local/libexec/fesimple.so -w 0 -E 1 -p /tmp/sst_shmem_3446479-0-1804289383 -v 1 -t 0 -c 1 -s 0 -m 0 -k 0 -d 0 --  /scratch/luby/bit1/source/BIT1 bit_EB
C_ivan_20steps.inp  : -np 2 /scratch/luby/bit1/source/BIT1 bit_EBC_ivan_20steps.inp
XRT build version: 2.19.194
Build hash: 7d8151e6ee73c6ec2e99501a58c9c2eca6cc68ce
Build date: 2025-05-18 05:07:43
Git branch: 2025.1
PID: 3446502
UID: 3679
[Sat Jul  4 19:37:07 2026 GMT]
HOST: i10se26
EXE: /opt/mpi/openmpi-5/bin/prte
[XRT] ERROR: XILINX_XRT must be set
[XRT] ERROR: XILINX_XRT must be set
[XRT] ERROR: XILINX_XRT must be set
^[[APin3Frontend[arielfrontendcommon.cc:71:init] Waiting for child to attach.
Pin3Frontend[arielfrontendcommon.cc:73:init] Child has attached!
ARIEL-SST: Did not find ARIEL_OVERRIDE_POOL in the environment, no override applies.
ARIEL-SST PIN tool activating with 1 threads
SSTARIEL: Loading Ariel Tool to connect to SST on pipe: /tmp/sst_shmem_3446479-0-1804289383 max core count: 1
SSTARIEL: Function profiling is disabled.
CustomTracer[src/tracercomponent/customTracer.cpp:130:setup] Component is being setup.
ARIEL: Default memory pool set to 0
ARIEL: Tool is configured to suspend profiling until program control
ARIEL: Starting program.
Identified routine: clock_gettime, replacing with Ariel equivalent...
Replacement complete.
Identified routine: MPI_Init. Instrumenting.
Instrumentation complete
Identified routine: ariel_enable, replacing with Ariel equivalent...
Replacement complete.
Identified routine: ariel_disable, replacing with Ariel equivalent...
Replacement complete.
Identified routine: ariel_fence, replacing with Ariel equivalent..
Replacement complete
Identified routine: ariel_cycles, replacing with Ariel equivalent..
Replacement complete
Identified routine: ariel_output_stats, replacing with Ariel equivalent..
Replacement complete
Replacing api_mpi_init with mapped_api_mpi_init.
Replacement complete
Identified routine: MPI_Init. Instrumenting.
Instrumentation complete
Identified routine: MPI_Init_thread. Instrumenting.
Instrumentation complete
Identified routine: MPI_Init_thread. Instrumenting.
Instrumentation complete
Identified routine: clock_gettime, replacing with Ariel equivalent...
Replacement complete.
^[[A^[[A^[[A^[[A^[[A^[[A^[[A^[[A^[[A^[[A^[[A^[[A^[[A^[[A^[[B^[[B^[[B^[[B^[[B^[[B^[[B^[[B^[[B^[[B^[[B^[[B^[[B^[[B^[[B^[[B^[[B^[[B^[[B^[[A^[[A^[[A^[[A^[[B^[[B
^[[B^[[B^[[B^[[B^[[B^[[B^[[B^[[B^[[B^[[B^[[A^[[A^[[A^[[A^[[A^[[A^[[A^[[A^[[A^[[A^[[A^[[A^[[A^[[A^[[A^[[A^[[A^[[A^[[A^[[A^[[A^[[A^[[A^[[A^[[A^[[A^[[A^[[A^[[A
^[[A^[[A^[[A^[[A^[[A^[[A^[[A^[[A^[[A^[[A^[[A^[[A^[[A^[[A^[[A^[[A^[[A^[[A^[[A^[[A^[[A^[[A^[[A^[[A^[[A^[[A^[[A^[[A^[[A^[[A^[[A^[[AMax. number of particles per
 cell per species: 0  20000 1  20000 2  20000
Heating of particle species: 0  0 1  0 2  0
Initial surface charge density at the left wall: 0.000000e+00
Initial electric field at the right wall 0.000000e+00 [V/m]
ARIEL: ENABLE called in Ariel API.
ARIEL: ENABLE called in Ariel API.
Initial electric field at the left wall 0.000000e+00 [V/m]
ARIEL: ENABLE called in Ariel API.
ARIEL: Enabling memory and instruction tracing from program control at simulated Ariel cycle 955782754.
step 1: 1530.512994 s
step 2: 351.602568 s
step 3: 350.859522 s
step 4: 351.721920 s
step 5: 351.966242 s
step 6: 351.869368 s
step 7: 351.222638 s
step 8: 350.921615 s
step 9: 350.744056 s
step 10: 351.544587 s
step 11: 352.197980 s
step 12: 352.413314 s
step 13: 352.712758 s
step 14: 351.560030 s
step 15: 352.085359 s
step 16: 352.405393 s
step 17: 353.124669 s
step 18: 352.640306 s
step 19: 352.800994 s
ARIEL: DISABLE called in Ariel API.
ARIEL: DISABLE called in Ariel API.
step 20: 353.119342 s
ARIEL: DISABLE called in Ariel API.
ARIEL: Disabling memory and instruction tracing from program control at simulated Ariel cycle 7896183131.
CORE ID: 0 PROCESSED AN EXIT EVENT
SSTARIEL: Execution completed, shutting down.
ArielComponent[arielcpu.cc:237:finish] Ariel Processor Information:
ArielComponent[arielcpu.cc:238:finish] Completed at: 4855021029 nanoseconds.
ArielComponent[arielcpu.cc:239:finish] Ariel Component Statistics (By Core)

Ariel Memory Management Statistics:
---------------------------------------------------------------------
Page Table Sizes:
- Map entries         37266
Page Table Coverages:
- Bytes               152641536
Caught signal 15, exiting gracefully.
Simulation is complete, simulated time: 4.85502 s

real    138m55.029s
user    145m4.574s
sys     8m28.193s
luby@i10se26:/scratch/luby/bit1/input_files$ ls

